        -:    0:Source:dominion.c
        -:    0:Graph:dominion.gcno
        -:    0:Data:dominion.gcda
        -:    0:Runs:1
        -:    0:Programs:1
        -:    1:#include "dominion.h"
        -:    2:#include "dominion_helpers.h"
        -:    3:#include "rngs.h"
        -:    4:#include <stdio.h>
        -:    5:#include <math.h>
        -:    6:#include <stdlib.h>
        -:    7:
 37502040:    8:int compare(const void *a, const void *b)
        -:    9:{
 37502040:   10:  if (*(int *)a > *(int *)b)
    #####:   11:    return 1;
 37502040:   12:  if (*(int *)a < *(int *)b)
 10000544:   13:    return -1;
 27501496:   14:  return 0;
        -:   15:}
        -:   16:
        1:   17:struct gameState *newGame()
        -:   18:{
        1:   19:  struct gameState *g = malloc(sizeof(struct gameState));
        1:   20:  return g;
        -:   21:}
        -:   22:
        1:   23:int *kingdomCards(int k1, int k2, int k3, int k4, int k5, int k6, int k7,
        -:   24:                  int k8, int k9, int k10)
        -:   25:{
        1:   26:  int *k = malloc(10 * sizeof(int));
        1:   27:  k[0] = k1;
        1:   28:  k[1] = k2;
        1:   29:  k[2] = k3;
        1:   30:  k[3] = k4;
        1:   31:  k[4] = k5;
        1:   32:  k[5] = k6;
        1:   33:  k[6] = k7;
        1:   34:  k[7] = k8;
        1:   35:  k[8] = k9;
        1:   36:  k[9] = k10;
        1:   37:  return k;
        -:   38:}
        -:   39:
  1000000:   40:int initializeGame(int numPlayers, int kingdomCards[10], int randomSeed,
        -:   41:                   struct gameState *state)
        -:   42:{
        -:   43:
        -:   44:  int i;
        -:   45:  int j;
        -:   46:  int it;
        -:   47:  //set up random number generator
  1000000:   48:  SelectStream(1);
  1000000:   49:  PutSeed((long)randomSeed);
        -:   50:
        -:   51:  //check number of players
  1000000:   52:  if (numPlayers > MAX_PLAYERS || numPlayers < 2)
        -:   53:  {
    #####:   54:    return -1;
        -:   55:  }
        -:   56:
        -:   57:  //set number of players
  1000000:   58:  state->numPlayers = numPlayers;
        -:   59:
        -:   60:  //check selected kingdom cards are different
 11000000:   61:  for (i = 0; i < 10; i++)
        -:   62:  {
110000000:   63:    for (j = 0; j < 10; j++)
        -:   64:    {
100000000:   65:      if (j != i && kingdomCards[j] == kingdomCards[i])
        -:   66:      {
    #####:   67:        return -1;
        -:   68:      }
        -:   69:    }
        -:   70:  }
        -:   71:
        -:   72:  //initialize supply
        -:   73:  ///////////////////////////////
        -:   74:
        -:   75:  //set number of Curse cards
  1000000:   76:  if (numPlayers == 2)
        -:   77:  {
   499864:   78:    state->supplyCount[curse] = 10;
        -:   79:  }
   500136:   80:  else if (numPlayers == 3)
        -:   81:  {
   500136:   82:    state->supplyCount[curse] = 20;
        -:   83:  }
        -:   84:  else
        -:   85:  {
    #####:   86:    state->supplyCount[curse] = 30;
        -:   87:  }
        -:   88:
        -:   89:  //set number of Victory cards
  1000000:   90:  if (numPlayers == 2)
        -:   91:  {
   499864:   92:    state->supplyCount[estate] = 8;
   499864:   93:    state->supplyCount[duchy] = 8;
   499864:   94:    state->supplyCount[province] = 8;
        -:   95:  }
        -:   96:  else
        -:   97:  {
   500136:   98:    state->supplyCount[estate] = 12;
   500136:   99:    state->supplyCount[duchy] = 12;
   500136:  100:    state->supplyCount[province] = 12;
        -:  101:  }
        -:  102:
        -:  103:  //set number of Treasure cards
  1000000:  104:  state->supplyCount[copper] = 60 - (7 * numPlayers);
  1000000:  105:  state->supplyCount[silver] = 40;
  1000000:  106:  state->supplyCount[gold] = 30;
        -:  107:
        -:  108:  //set number of Kingdom cards
 21000000:  109:  for (i = adventurer; i <= treasure_map; i++) //loop all cards
        -:  110:  {
214000000:  111:    for (j = 0; j < 10; j++) //loop chosen cards
        -:  112:    {
197000000:  113:      if (kingdomCards[j] == i)
        -:  114:      {
        -:  115:        //check if card is a 'Victory' Kingdom card
  3000000:  116:        if (kingdomCards[j] == great_hall || kingdomCards[j] == gardens)
        -:  117:        {
    #####:  118:          if (numPlayers == 2)
        -:  119:          {
    #####:  120:            state->supplyCount[i] = 8;
        -:  121:          }
        -:  122:          else
        -:  123:          {
    #####:  124:            state->supplyCount[i] = 12;
        -:  125:          }
        -:  126:        }
        -:  127:        else
        -:  128:        {
  3000000:  129:          state->supplyCount[i] = 10;
        -:  130:        }
  3000000:  131:        break;
        -:  132:      }
        -:  133:      else //card is not in the set choosen for the game
        -:  134:      {
194000000:  135:        state->supplyCount[i] = -1;
        -:  136:      }
        -:  137:    }
        -:  138:  }
        -:  139:
        -:  140:  ////////////////////////
        -:  141:  //supply intilization complete
        -:  142:
        -:  143:  //set player decks
  3500136:  144:  for (i = 0; i < numPlayers; i++)
        -:  145:  {
  2500136:  146:    state->deckCount[i] = 0;
 10000544:  147:    for (j = 0; j < 3; j++)
        -:  148:    {
  7500408:  149:      state->deck[i][j] = estate;
  7500408:  150:      state->deckCount[i]++;
        -:  151:    }
 20001088:  152:    for (j = 3; j < 10; j++)
        -:  153:    {
 17500952:  154:      state->deck[i][j] = copper;
 17500952:  155:      state->deckCount[i]++;
        -:  156:    }
        -:  157:  }
        -:  158:
        -:  159:  //shuffle player decks
  3500136:  160:  for (i = 0; i < numPlayers; i++)
        -:  161:  {
  2500136:  162:    if (shuffle(i, state) < 0)
        -:  163:    {
    #####:  164:      return -1;
        -:  165:    }
        -:  166:  }
        -:  167:
        -:  168:  //draw player hands
  3500136:  169:  for (i = 0; i < numPlayers; i++)
        -:  170:  {
        -:  171:    //initialize hand size to zero
  2500136:  172:    state->handCount[i] = 0;
  2500136:  173:    state->discardCount[i] = 0;
        -:  174:    //draw 5 cards
        -:  175:    // for (j = 0; j < 5; j++)
        -:  176:    //	{
        -:  177:    //	  drawCard(i, state);
        -:  178:    //	}
        -:  179:  }
        -:  180:
        -:  181:  //set embargo tokens to 0 for all supply piles
 28000000:  182:  for (i = 0; i <= treasure_map; i++)
        -:  183:  {
 27000000:  184:    state->embargoTokens[i] = 0;
        -:  185:  }
        -:  186:
        -:  187:  //initialize first player's turn
  1000000:  188:  state->outpostPlayed = 0;
  1000000:  189:  state->phase = 0;
  1000000:  190:  state->numActions = 1;
  1000000:  191:  state->numBuys = 1;
  1000000:  192:  state->playedCardCount = 0;
  1000000:  193:  state->whoseTurn = 0;
  1000000:  194:  state->handCount[state->whoseTurn] = 0;
        -:  195:  //int it; move to top
        -:  196:
        -:  197:  //Moved draw cards to here, only drawing at the start of a turn
  6000000:  198:  for (it = 0; it < 5; it++)
        -:  199:  {
  5000000:  200:    drawCard(state->whoseTurn, state);
        -:  201:  }
        -:  202:
  1000000:  203:  updateCoins(state->whoseTurn, state, 0);
        -:  204:
  1000000:  205:  return 0;
        -:  206:}
        -:  207:
  2500136:  208:int shuffle(int player, struct gameState *state)
        -:  209:{
        -:  210:
        -:  211:  int newDeck[MAX_DECK];
  2500136:  212:  int newDeckPos = 0;
        -:  213:  int card;
        -:  214:  int i;
        -:  215:
  2500136:  216:  if (state->deckCount[player] < 1)
    #####:  217:    return -1;
  2500136:  218:  qsort((void *)(state->deck[player]), state->deckCount[player], sizeof(int), compare);
        -:  219:  /* SORT CARDS IN DECK TO ENSURE DETERMINISM! */
        -:  220:
 30001632:  221:  while (state->deckCount[player] > 0)
        -:  222:  {
 25001360:  223:    card = floor(Random() * state->deckCount[player]);
 25001360:  224:    newDeck[newDeckPos] = state->deck[player][card];
 25001360:  225:    newDeckPos++;
 81251022:  226:    for (i = card; i < state->deckCount[player] - 1; i++)
        -:  227:    {
 56249662:  228:      state->deck[player][i] = state->deck[player][i + 1];
        -:  229:    }
 25001360:  230:    state->deckCount[player]--;
        -:  231:  }
 27501496:  232:  for (i = 0; i < newDeckPos; i++)
        -:  233:  {
 25001360:  234:    state->deck[player][i] = newDeck[i];
 25001360:  235:    state->deckCount[player]++;
        -:  236:  }
        -:  237:
  2500136:  238:  return 0;
        -:  239:}
        -:  240:
    #####:  241:int playCard(int handPos, int choice1, int choice2, int choice3, struct gameState *state)
        -:  242:{
        -:  243:  int card;
    #####:  244:  int coin_bonus = 0; //tracks coins gain from actions
        -:  245:
        -:  246:  //check if it is the right phase
    #####:  247:  if (state->phase != 0)
        -:  248:  {
    #####:  249:    return -1;
        -:  250:  }
        -:  251:
        -:  252:  //check if player has enough actions
    #####:  253:  if (state->numActions < 1)
        -:  254:  {
    #####:  255:    return -1;
        -:  256:  }
        -:  257:
        -:  258:  //get card played
    #####:  259:  card = handCard(handPos, state);
        -:  260:
        -:  261:  //check if selected card is an action
    #####:  262:  if (card < adventurer || card > treasure_map)
        -:  263:  {
    #####:  264:    return -1;
        -:  265:  }
        -:  266:
        -:  267:  //play card
    #####:  268:  if (cardEffect(card, choice1, choice2, choice3, state, handPos, &coin_bonus) < 0)
        -:  269:  {
    #####:  270:    return -1;
        -:  271:  }
        -:  272:
        -:  273:  //reduce number of actions
    #####:  274:  state->numActions--;
        -:  275:
        -:  276:  //update coins (Treasure cards may be added with card draws)
    #####:  277:  updateCoins(state->whoseTurn, state, coin_bonus);
        -:  278:
    #####:  279:  return 0;
        -:  280:}
        -:  281:
    #####:  282:int buyCard(int supplyPos, struct gameState *state)
        -:  283:{
        -:  284:  int who;
        -:  285:  if (DEBUG)
        -:  286:  {
        -:  287:    printf("Entering buyCard...\n");
        -:  288:  }
        -:  289:
        -:  290:  // I don't know what to do about the phase thing.
        -:  291:
    #####:  292:  who = state->whoseTurn;
        -:  293:
    #####:  294:  if (state->numBuys < 1)
        -:  295:  {
        -:  296:    if (DEBUG)
        -:  297:      printf("You do not have any buys left\n");
    #####:  298:    return -1;
        -:  299:  }
    #####:  300:  else if (supplyCount(supplyPos, state) < 1)
        -:  301:  {
        -:  302:    if (DEBUG)
        -:  303:      printf("There are not any of that type of card left\n");
    #####:  304:    return -1;
        -:  305:  }
    #####:  306:  else if (state->coins < getCost(supplyPos))
        -:  307:  {
        -:  308:    if (DEBUG)
        -:  309:      printf("You do not have enough money to buy that. You have %d coins.\n", state->coins);
    #####:  310:    return -1;
        -:  311:  }
        -:  312:  else
        -:  313:  {
    #####:  314:    state->phase = 1;
        -:  315:    //state->supplyCount[supplyPos]--;
    #####:  316:    gainCard(supplyPos, state, 0, who); //card goes in discard, this might be wrong.. (2 means goes into hand, 0 goes into discard)
        -:  317:
    #####:  318:    state->coins = (state->coins) - (getCost(supplyPos));
    #####:  319:    state->numBuys--;
        -:  320:    if (DEBUG)
        -:  321:      printf("You bought card number %d for %d coins. You now have %d buys and %d coins.\n", supplyPos, getCost(supplyPos), state->numBuys, state->coins);
        -:  322:  }
        -:  323:
        -:  324:  //state->discard[who][state->discardCount[who]] = supplyPos;
        -:  325:  //state->discardCount[who]++;
        -:  326:
    #####:  327:  return 0;
        -:  328:}
        -:  329:
    #####:  330:int numHandCards(struct gameState *state)
        -:  331:{
    #####:  332:  return state->handCount[whoseTurn(state)];
        -:  333:}
        -:  334:
    #####:  335:int handCard(int handPos, struct gameState *state)
        -:  336:{
    #####:  337:  int currentPlayer = whoseTurn(state);
    #####:  338:  return state->hand[currentPlayer][handPos];
        -:  339:}
        -:  340:
    #####:  341:int supplyCount(int card, struct gameState *state)
        -:  342:{
    #####:  343:  return state->supplyCount[card];
        -:  344:}
        -:  345:
    #####:  346:int fullDeckCount(int player, int card, struct gameState *state)
        -:  347:{
        -:  348:  int i;
    #####:  349:  int count = 0;
        -:  350:
    #####:  351:  for (i = 0; i < state->deckCount[player]; i++)
        -:  352:  {
    #####:  353:    if (state->deck[player][i] == card)
    #####:  354:      count++;
        -:  355:  }
        -:  356:
    #####:  357:  for (i = 0; i < state->handCount[player]; i++)
        -:  358:  {
    #####:  359:    if (state->hand[player][i] == card)
    #####:  360:      count++;
        -:  361:  }
        -:  362:
    #####:  363:  for (i = 0; i < state->discardCount[player]; i++)
        -:  364:  {
    #####:  365:    if (state->discard[player][i] == card)
    #####:  366:      count++;
        -:  367:  }
        -:  368:
    #####:  369:  return count;
        -:  370:}
        -:  371:
  2000000:  372:int whoseTurn(struct gameState *state)
        -:  373:{
  2000000:  374:  return state->whoseTurn;
        -:  375:}
        -:  376:
    #####:  377:int endTurn(struct gameState *state)
        -:  378:{
        -:  379:  int k;
        -:  380:  int i;
    #####:  381:  int currentPlayer = whoseTurn(state);
        -:  382:
        -:  383:  //Discard hand
    #####:  384:  for (i = 0; i < state->handCount[currentPlayer]; i++)
        -:  385:  {
    #####:  386:    state->discard[currentPlayer][state->discardCount[currentPlayer]++] = state->hand[currentPlayer][i]; //Discard
    #####:  387:    state->hand[currentPlayer][i] = -1;                                                                  //Set card to -1
        -:  388:  }
    #####:  389:  state->handCount[currentPlayer] = 0; //Reset hand count
        -:  390:
        -:  391:  //Code for determining the player
    #####:  392:  if (currentPlayer < (state->numPlayers - 1))
        -:  393:  {
    #####:  394:    state->whoseTurn = currentPlayer + 1; //Still safe to increment
        -:  395:  }
        -:  396:  else
        -:  397:  {
    #####:  398:    state->whoseTurn = 0; //Max player has been reached, loop back around to player 1
        -:  399:  }
        -:  400:
    #####:  401:  state->outpostPlayed = 0;
    #####:  402:  state->phase = 0;
    #####:  403:  state->numActions = 1;
    #####:  404:  state->coins = 0;
    #####:  405:  state->numBuys = 1;
    #####:  406:  state->playedCardCount = 0;
    #####:  407:  state->handCount[state->whoseTurn] = 0;
        -:  408:
        -:  409:  //int k; move to top
        -:  410:  //Next player draws hand
    #####:  411:  for (k = 0; k < 5; k++)
        -:  412:  {
    #####:  413:    drawCard(state->whoseTurn, state); //Draw a card
        -:  414:  }
        -:  415:
        -:  416:  //Update money
    #####:  417:  updateCoins(state->whoseTurn, state, 0);
        -:  418:
    #####:  419:  return 0;
        -:  420:}
        -:  421:
    #####:  422:int isGameOver(struct gameState *state)
        -:  423:{
        -:  424:  int i;
        -:  425:  int j;
        -:  426:
        -:  427:  //if stack of Province cards is empty, the game ends
    #####:  428:  if (state->supplyCount[province] == 0)
        -:  429:  {
    #####:  430:    return 1;
        -:  431:  }
        -:  432:
        -:  433:  //if three supply pile are at 0, the game ends
    #####:  434:  j = 0;
    #####:  435:  for (i = 0; i < 25; i++)
        -:  436:  {
    #####:  437:    if (state->supplyCount[i] == 0)
        -:  438:    {
    #####:  439:      j++;
        -:  440:    }
        -:  441:  }
    #####:  442:  if (j >= 3)
        -:  443:  {
    #####:  444:    return 1;
        -:  445:  }
        -:  446:
    #####:  447:  return 0;
        -:  448:}
        -:  449:
    #####:  450:int scoreFor(int player, struct gameState *state)
        -:  451:{
        -:  452:
        -:  453:  int i;
    #####:  454:  int score = 0;
        -:  455:  //score from hand
    #####:  456:  for (i = 0; i < state->handCount[player]; i++)
        -:  457:  {
    #####:  458:    if (state->hand[player][i] == curse)
        -:  459:    {
    #####:  460:      score = score - 1;
        -:  461:    };
    #####:  462:    if (state->hand[player][i] == estate)
        -:  463:    {
    #####:  464:      score = score + 1;
        -:  465:    };
    #####:  466:    if (state->hand[player][i] == duchy)
        -:  467:    {
    #####:  468:      score = score + 3;
        -:  469:    };
    #####:  470:    if (state->hand[player][i] == province)
        -:  471:    {
    #####:  472:      score = score + 6;
        -:  473:    };
    #####:  474:    if (state->hand[player][i] == great_hall)
        -:  475:    {
    #####:  476:      score = score + 1;
        -:  477:    };
    #####:  478:    if (state->hand[player][i] == gardens)
        -:  479:    {
    #####:  480:      score = score + (fullDeckCount(player, 0, state) / 10);
        -:  481:    };
        -:  482:  }
        -:  483:
        -:  484:  //score from discard
    #####:  485:  for (i = 0; i < state->discardCount[player]; i++)
        -:  486:  {
    #####:  487:    if (state->discard[player][i] == curse)
        -:  488:    {
    #####:  489:      score = score - 1;
        -:  490:    };
    #####:  491:    if (state->discard[player][i] == estate)
        -:  492:    {
    #####:  493:      score = score + 1;
        -:  494:    };
    #####:  495:    if (state->discard[player][i] == duchy)
        -:  496:    {
    #####:  497:      score = score + 3;
        -:  498:    };
    #####:  499:    if (state->discard[player][i] == province)
        -:  500:    {
    #####:  501:      score = score + 6;
        -:  502:    };
    #####:  503:    if (state->discard[player][i] == great_hall)
        -:  504:    {
    #####:  505:      score = score + 1;
        -:  506:    };
    #####:  507:    if (state->discard[player][i] == gardens)
        -:  508:    {
    #####:  509:      score = score + (fullDeckCount(player, 0, state) / 10);
        -:  510:    };
        -:  511:  }
        -:  512:
        -:  513:  //score from deck
    #####:  514:  for (i = 0; i < state->discardCount[player]; i++)
        -:  515:  {
    #####:  516:    if (state->deck[player][i] == curse)
        -:  517:    {
    #####:  518:      score = score - 1;
        -:  519:    };
    #####:  520:    if (state->deck[player][i] == estate)
        -:  521:    {
    #####:  522:      score = score + 1;
        -:  523:    };
    #####:  524:    if (state->deck[player][i] == duchy)
        -:  525:    {
    #####:  526:      score = score + 3;
        -:  527:    };
    #####:  528:    if (state->deck[player][i] == province)
        -:  529:    {
    #####:  530:      score = score + 6;
        -:  531:    };
    #####:  532:    if (state->deck[player][i] == great_hall)
        -:  533:    {
    #####:  534:      score = score + 1;
        -:  535:    };
    #####:  536:    if (state->deck[player][i] == gardens)
        -:  537:    {
    #####:  538:      score = score + (fullDeckCount(player, 0, state) / 10);
        -:  539:    };
        -:  540:  }
        -:  541:
    #####:  542:  return score;
        -:  543:}
        -:  544:
    #####:  545:int getWinners(int players[MAX_PLAYERS], struct gameState *state)
        -:  546:{
        -:  547:  int i;
        -:  548:  int j;
        -:  549:  int highScore;
        -:  550:  int currentPlayer;
        -:  551:
        -:  552:  //get score for each player
    #####:  553:  for (i = 0; i < MAX_PLAYERS; i++)
        -:  554:  {
        -:  555:    //set unused player scores to -9999
    #####:  556:    if (i >= state->numPlayers)
        -:  557:    {
    #####:  558:      players[i] = -9999;
        -:  559:    }
        -:  560:    else
        -:  561:    {
    #####:  562:      players[i] = scoreFor(i, state);
        -:  563:    }
        -:  564:  }
        -:  565:
        -:  566:  //find highest score
    #####:  567:  j = 0;
    #####:  568:  for (i = 0; i < MAX_PLAYERS; i++)
        -:  569:  {
    #####:  570:    if (players[i] > players[j])
        -:  571:    {
    #####:  572:      j = i;
        -:  573:    }
        -:  574:  }
    #####:  575:  highScore = players[j];
        -:  576:
        -:  577:  //add 1 to players who had less turns
    #####:  578:  currentPlayer = whoseTurn(state);
    #####:  579:  for (i = 0; i < MAX_PLAYERS; i++)
        -:  580:  {
    #####:  581:    if (players[i] == highScore && i > currentPlayer)
        -:  582:    {
    #####:  583:      players[i]++;
        -:  584:    }
        -:  585:  }
        -:  586:
        -:  587:  //find new highest score
    #####:  588:  j = 0;
    #####:  589:  for (i = 0; i < MAX_PLAYERS; i++)
        -:  590:  {
    #####:  591:    if (players[i] > players[j])
        -:  592:    {
    #####:  593:      j = i;
        -:  594:    }
        -:  595:  }
    #####:  596:  highScore = players[j];
        -:  597:
        -:  598:  //set winners in array to 1 and rest to 0
    #####:  599:  for (i = 0; i < MAX_PLAYERS; i++)
        -:  600:  {
    #####:  601:    if (players[i] == highScore)
        -:  602:    {
    #####:  603:      players[i] = 1;
        -:  604:    }
        -:  605:    else
        -:  606:    {
    #####:  607:      players[i] = 0;
        -:  608:    }
        -:  609:  }
        -:  610:
    #####:  611:  return 0;
        -:  612:}
        -:  613:
  7000000:  614:int drawCard(int player, struct gameState *state)
        -:  615:{
        -:  616:  int count;
        -:  617:  int deckCounter;
  7000000:  618:  if (state->deckCount[player] <= 0)
        -:  619:  { //Deck is empty
        -:  620:
        -:  621:    //Step 1 Shuffle the discard pile back into a deck
        -:  622:    int i;
        -:  623:    //Move discard to deck
    #####:  624:    for (i = 0; i < state->discardCount[player]; i++)
        -:  625:    {
    #####:  626:      state->deck[player][i] = state->discard[player][i];
    #####:  627:      state->discard[player][i] = -1;
        -:  628:    }
        -:  629:
    #####:  630:    state->deckCount[player] = state->discardCount[player];
    #####:  631:    state->discardCount[player] = 0; //Reset discard
        -:  632:
        -:  633:    //Shufffle the deck
    #####:  634:    shuffle(player, state); //Shuffle the deck up and make it so that we can draw
        -:  635:
        -:  636:    if (DEBUG)
        -:  637:    { //Debug statements
        -:  638:      printf("Deck count now: %d\n", state->deckCount[player]);
        -:  639:    }
        -:  640:
    #####:  641:    state->discardCount[player] = 0;
        -:  642:
        -:  643:    //Step 2 Draw Card
    #####:  644:    count = state->handCount[player]; //Get current player's hand count
        -:  645:
        -:  646:    if (DEBUG)
        -:  647:    { //Debug statements
        -:  648:      printf("Current hand count: %d\n", count);
        -:  649:    }
        -:  650:
    #####:  651:    deckCounter = state->deckCount[player]; //Create a holder for the deck count
        -:  652:
    #####:  653:    if (deckCounter == 0)
    #####:  654:      return -1;
        -:  655:
    #####:  656:    state->hand[player][count] = state->deck[player][deckCounter - 1]; //Add card to hand
    #####:  657:    state->deckCount[player]--;
    #####:  658:    state->handCount[player]++; //Increment hand count
        -:  659:  }
        -:  660:
        -:  661:  else
        -:  662:  {
  7000000:  663:    int count = state->handCount[player]; //Get current hand count for player
        -:  664:    int deckCounter;
        -:  665:    if (DEBUG)
        -:  666:    { //Debug statements
        -:  667:      printf("Current hand count: %d\n", count);
        -:  668:    }
        -:  669:
  7000000:  670:    deckCounter = state->deckCount[player];                            //Create holder for the deck count
  7000000:  671:    state->hand[player][count] = state->deck[player][deckCounter - 1]; //Add card to the hand
  7000000:  672:    state->deckCount[player]--;
  7000000:  673:    state->handCount[player]++; //Increment hand count
        -:  674:  }
        -:  675:
  7000000:  676:  return 0;
        -:  677:}
        -:  678:
    #####:  679:int getCost(int cardNumber)
        -:  680:{
    #####:  681:  switch (cardNumber)
        -:  682:  {
    #####:  683:  case curse:
    #####:  684:    return 0;
    #####:  685:  case estate:
    #####:  686:    return 2;
    #####:  687:  case duchy:
    #####:  688:    return 5;
    #####:  689:  case province:
    #####:  690:    return 8;
    #####:  691:  case copper:
    #####:  692:    return 0;
    #####:  693:  case silver:
    #####:  694:    return 3;
    #####:  695:  case gold:
    #####:  696:    return 6;
    #####:  697:  case adventurer:
    #####:  698:    return 6;
    #####:  699:  case council_room:
    #####:  700:    return 5;
    #####:  701:  case feast:
    #####:  702:    return 4;
    #####:  703:  case gardens:
    #####:  704:    return 4;
    #####:  705:  case mine:
    #####:  706:    return 5;
    #####:  707:  case remodel:
    #####:  708:    return 4;
    #####:  709:  case smithy:
    #####:  710:    return 4;
    #####:  711:  case village:
    #####:  712:    return 3;
    #####:  713:  case baron:
    #####:  714:    return 4;
    #####:  715:  case great_hall:
    #####:  716:    return 3;
    #####:  717:  case minion:
    #####:  718:    return 5;
    #####:  719:  case steward:
    #####:  720:    return 3;
    #####:  721:  case tribute:
    #####:  722:    return 5;
    #####:  723:  case ambassador:
    #####:  724:    return 3;
    #####:  725:  case cutpurse:
    #####:  726:    return 4;
    #####:  727:  case embargo:
    #####:  728:    return 2;
    #####:  729:  case outpost:
    #####:  730:    return 5;
    #####:  731:  case salvager:
    #####:  732:    return 4;
    #####:  733:  case sea_hag:
    #####:  734:    return 4;
    #####:  735:  case treasure_map:
    #####:  736:    return 4;
        -:  737:  }
        -:  738:
    #####:  739:  return -1;
        -:  740:}
        -:  741:
        -:  742:/**
        -:  743: * List of card actions
        -:  744: * 
        -:  745: * TODO: figure out of the whole switch statement is removed
        -:  746: * or just individual cards
        -:  747: * */
        -:  748:
    #####:  749:int adventurerCard(int drawntreasure, struct gameState *state, int currentPlayer, int cardDrawn, int *temphand, int z)
        -:  750:{
    #####:  751:  while (drawntreasure < 2)
        -:  752:  {
    #####:  753:    if (state->deckCount[currentPlayer] < 1)
        -:  754:    { //if the deck is empty we need to shuffle discard and add to deck
    #####:  755:      shuffle(currentPlayer, state);
        -:  756:    }
    #####:  757:    drawCard(currentPlayer, state);
    #####:  758:    cardDrawn = state->hand[currentPlayer][state->handCount[currentPlayer] - 1]; //top card of hand is most recently drawn card.
    #####:  759:    if (cardDrawn == copper || cardDrawn == silver)
        -:  760:    {
    #####:  761:      drawntreasure++;
        -:  762:    }
        -:  763:
        -:  764:    else
        -:  765:    {
    #####:  766:      temphand[z] = cardDrawn;
    #####:  767:      state->handCount[currentPlayer]--; //this should just remove the top card (the most recently drawn one).
    #####:  768:      z++;
        -:  769:    }
        -:  770:  }
    #####:  771:  while (z - 1 >= 0)
        -:  772:  {
    #####:  773:    state->discard[currentPlayer][state->discardCount[currentPlayer]++] = temphand[z - 1]; // discard all cards in play that have been drawn
    #####:  774:    z = z - 1;
        -:  775:  }
    #####:  776:  return 0;
        -:  777:}
        -:  778:
  1000000:  779:int smithyCard(int i, int currentPlayer, struct gameState *state, int handPos)
        -:  780:{
        -:  781:  //+3 Cards
  3000000:  782:  for (i = 3; i != 1; i--)
        -:  783:  {
  2000000:  784:    drawCard(currentPlayer, state);
        -:  785:  }
        -:  786:
        -:  787:  //discard card from hand
  1000000:  788:  discardCard(handPos, currentPlayer, state, 0);
  1000000:  789:  return 0;
        -:  790:}
        -:  791:
    #####:  792:int villageCard(int currentPlayer, struct gameState *state, int handPos)
        -:  793:{
        -:  794:  //+1 Card
    #####:  795:  drawCard(currentPlayer, state);
        -:  796:
        -:  797:  //+2 Actions
    #####:  798:  state->numActions = state->numActions + 3;
        -:  799:
        -:  800:  //discard played card from hand
    #####:  801:  discardCard(handPos, currentPlayer, state, 0);
    #####:  802:  return 0;
        -:  803:}
        -:  804:
    #####:  805:int feastCard(int i, struct gameState *state, int currentPlayer, int *temphand, int x, int choice1)
        -:  806:{
        -:  807:  //gain card with cost up to 5
        -:  808:  //Backup hand
    #####:  809:  for (i = 0; i <= state->handCount[currentPlayer]; i++)
        -:  810:  {
    #####:  811:    temphand[i] = state->hand[currentPlayer][i]; //Backup card
    #####:  812:    state->hand[currentPlayer][i] = -1;          //Set to nothing
        -:  813:  }
        -:  814:  //Backup hand
        -:  815:
        -:  816:  //Update Coins for Buy
    #####:  817:  updateCoins(currentPlayer, state, 5);
    #####:  818:  x = 0; //Condition to loop on
    #####:  819:  while (x == 1)
        -:  820:  { //Buy one card
    #####:  821:    if (supplyCount(choice1, state) <= 0)
        -:  822:    {
        -:  823:      if (DEBUG)
        -:  824:        printf("None of that card left, sorry!\n");
        -:  825:
        -:  826:      if (DEBUG)
        -:  827:      {
        -:  828:        printf("Cards Left: %d\n", supplyCount(choice1, state));
        -:  829:      }
        -:  830:    }
    #####:  831:    else if (state->coins < getCost(choice1))
        -:  832:    {
    #####:  833:      printf("That card is too expensive!\n");
        -:  834:
        -:  835:      if (DEBUG)
        -:  836:      {
        -:  837:        printf("Coins: %d < %d\n", state->coins, getCost(choice1));
        -:  838:      }
        -:  839:    }
        -:  840:    else
        -:  841:    {
        -:  842:
        -:  843:      if (DEBUG)
        -:  844:      {
        -:  845:        printf("Deck Count: %d\n", state->handCount[currentPlayer] + state->deckCount[currentPlayer] + state->discardCount[currentPlayer]);
        -:  846:      }
        -:  847:
    #####:  848:      gainCard(choice1, state, 0, currentPlayer); //Gain the card
    #####:  849:      x = 0;                                      //No more buying cards
        -:  850:
        -:  851:      if (DEBUG)
        -:  852:      {
        -:  853:        printf("Deck Count: %d\n", state->handCount[currentPlayer] + state->deckCount[currentPlayer] + state->discardCount[currentPlayer]);
        -:  854:      }
        -:  855:    }
        -:  856:  }
        -:  857:
        -:  858:  //Reset Hand
    #####:  859:  for (i = 0; i <= state->handCount[currentPlayer]; i++)
        -:  860:  {
    #####:  861:    state->hand[currentPlayer][i] = temphand[i];
    #####:  862:    temphand[i] = -1;
        -:  863:  }
        -:  864:  //Reset Hand
        -:  865:
    #####:  866:  return 0;
        -:  867:}
        -:  868:
    #####:  869:int mineCard(int i, int j, struct gameState *state, int currentPlayer, int choice1, int choice2, int handPos)
        -:  870:{
    #####:  871:  j = state->hand[currentPlayer][choice1]; //store card we will trash
        -:  872:
    #####:  873:  if (state->hand[currentPlayer][choice1] < copper || state->hand[currentPlayer][choice1] > gold)
        -:  874:  {
    #####:  875:    return -1;
        -:  876:  }
        -:  877:
    #####:  878:  if (choice2 > treasure_map || choice2 < curse)
        -:  879:  {
    #####:  880:    return -1;
        -:  881:  }
        -:  882:
    #####:  883:  if ((getCost(state->hand[currentPlayer][choice1]) + 3) > getCost(choice2))
        -:  884:  {
    #####:  885:    return -1;
        -:  886:  }
        -:  887:
    #####:  888:  gainCard(choice2, state, 2, currentPlayer);
        -:  889:
        -:  890:  //discard card from hand
    #####:  891:  discardCard(handPos, currentPlayer, state, 0);
        -:  892:
        -:  893:  //discard trashed card
    #####:  894:  for (i = 0; i < state->handCount[currentPlayer]; i++)
        -:  895:  {
    #####:  896:    if (state->hand[currentPlayer][i] == j)
        -:  897:    {
    #####:  898:      discardCard(i, currentPlayer, state, 0);
    #####:  899:      break;
        -:  900:    }
        -:  901:  }
        -:  902:
    #####:  903:  return 0;
        -:  904:}
        -:  905:
  1000000:  906:int cardEffect(int card, int choice1, int choice2, int choice3, struct gameState *state, int handPos, int *bonus)
        -:  907:{
        -:  908:  int i;
        -:  909:  int j;
        -:  910:  int k;
        -:  911:  int x;
        -:  912:  int index;
  1000000:  913:  int currentPlayer = whoseTurn(state);
  1000000:  914:  int nextPlayer = currentPlayer + 1;
        -:  915:
  1000000:  916:  int tributeRevealedCards[2] = {-1, -1};
        -:  917:  int temphand[MAX_HAND]; // moved above the if statement
  1000000:  918:  int drawntreasure = 0;
        -:  919:  int cardDrawn;
  1000000:  920:  int z = 0; // this is the counter for the temp hand
  1000000:  921:  if (nextPlayer > (state->numPlayers - 1))
        -:  922:  {
    #####:  923:    nextPlayer = 0;
        -:  924:  }
        -:  925:
        -:  926:  //uses switch to select card and perform actions
  1000000:  927:  switch (card)
        -:  928:  {
    #####:  929:  case adventurer:
    #####:  930:    return adventurerCard(drawntreasure, state, currentPlayer, cardDrawn, temphand, z);
    #####:  931:  case council_room:
        -:  932:    //+4 Cards
    #####:  933:    for (i = 0; i < 4; i++)
        -:  934:    {
    #####:  935:      drawCard(currentPlayer, state);
        -:  936:    }
        -:  937:
        -:  938:    //+1 Buy
    #####:  939:    state->numBuys++;
        -:  940:
        -:  941:    //Each other player draws a card
    #####:  942:    for (i = 0; i < state->numPlayers; i++)
        -:  943:    {
    #####:  944:      if (i != currentPlayer)
        -:  945:      {
    #####:  946:        drawCard(i, state);
        -:  947:      }
        -:  948:    }
        -:  949:
        -:  950:    //put played card in played card pile
    #####:  951:    discardCard(handPos, currentPlayer, state, 0);
        -:  952:
    #####:  953:    return 0;
        -:  954:
    #####:  955:  case feast:
    #####:  956:    return feastCard(i, state, currentPlayer, temphand, x, choice1);
    #####:  957:  case gardens:
    #####:  958:    return -1;
        -:  959:
    #####:  960:  case mine:
    #####:  961:    return mineCard(i, j, state, currentPlayer, choice1, choice2, handPos);
    #####:  962:  case remodel:
    #####:  963:    j = state->hand[currentPlayer][choice1]; //store card we will trash
        -:  964:
    #####:  965:    if ((getCost(state->hand[currentPlayer][choice1]) + 2) > getCost(choice2))
        -:  966:    {
    #####:  967:      return -1;
        -:  968:    }
        -:  969:
    #####:  970:    gainCard(choice2, state, 0, currentPlayer);
        -:  971:
        -:  972:    //discard card from hand
    #####:  973:    discardCard(handPos, currentPlayer, state, 0);
        -:  974:
        -:  975:    //discard trashed card
    #####:  976:    for (i = 0; i < state->handCount[currentPlayer]; i++)
        -:  977:    {
    #####:  978:      if (state->hand[currentPlayer][i] == j)
        -:  979:      {
    #####:  980:        discardCard(i, currentPlayer, state, 0);
    #####:  981:        break;
        -:  982:      }
        -:  983:    }
        -:  984:
    #####:  985:    return 0;
        -:  986:
  1000000:  987:  case smithy:
  1000000:  988:    return smithyCard(i, currentPlayer, state, handPos);
    #####:  989:  case village:
    #####:  990:    return villageCard(currentPlayer, state, handPos);
    #####:  991:  case baron:
    #####:  992:    state->numBuys++; //Increase buys by 1!
    #####:  993:    if (choice1 > 0)
        -:  994:    {                             //Boolean true or going to discard an estate
    #####:  995:      int p = 0;                  //Iterator for hand!
    #####:  996:      int card_not_discarded = 1; //Flag for discard set!
    #####:  997:      while (card_not_discarded)
        -:  998:      {
    #####:  999:        if (state->hand[currentPlayer][p] == estate)
        -: 1000:        {                    //Found an estate card!
    #####: 1001:          state->coins += 4; //Add 4 coins to the amount of coins
    #####: 1002:          state->discard[currentPlayer][state->discardCount[currentPlayer]] = state->hand[currentPlayer][p];
    #####: 1003:          state->discardCount[currentPlayer]++;
    #####: 1004:          for (; p < state->handCount[currentPlayer]; p++)
        -: 1005:          {
    #####: 1006:            state->hand[currentPlayer][p] = state->hand[currentPlayer][p + 1];
        -: 1007:          }
    #####: 1008:          state->hand[currentPlayer][state->handCount[currentPlayer]] = -1;
    #####: 1009:          state->handCount[currentPlayer]--;
    #####: 1010:          card_not_discarded = 0; //Exit the loop
        -: 1011:        }
    #####: 1012:        else if (p > state->handCount[currentPlayer])
        -: 1013:        {
        -: 1014:          if (DEBUG)
        -: 1015:          {
        -: 1016:            printf("No estate cards in your hand, invalid choice\n");
        -: 1017:            printf("Must gain an estate if there are any\n");
        -: 1018:          }
    #####: 1019:          if (supplyCount(estate, state) > 0)
        -: 1020:          {
    #####: 1021:            gainCard(estate, state, 0, currentPlayer);
    #####: 1022:            state->supplyCount[estate]--; //Decrement estates
    #####: 1023:            if (supplyCount(estate, state) == 0)
        -: 1024:            {
    #####: 1025:              isGameOver(state);
        -: 1026:            }
        -: 1027:          }
    #####: 1028:          card_not_discarded = 0; //Exit the loop
        -: 1029:        }
        -: 1030:
        -: 1031:        else
        -: 1032:        {
    #####: 1033:          p++; //Next card
        -: 1034:        }
        -: 1035:      }
        -: 1036:    }
        -: 1037:
        -: 1038:    else
        -: 1039:    {
    #####: 1040:      if (supplyCount(estate, state) > 0)
        -: 1041:      {
    #####: 1042:        gainCard(estate, state, 0, currentPlayer); //Gain an estate
    #####: 1043:        state->supplyCount[estate]--;              //Decrement Estates
    #####: 1044:        if (supplyCount(estate, state) == 0)
        -: 1045:        {
    #####: 1046:          isGameOver(state);
        -: 1047:        }
        -: 1048:      }
        -: 1049:    }
        -: 1050:
    #####: 1051:    return 0;
        -: 1052:
    #####: 1053:  case great_hall:
        -: 1054:    //+1 Card
    #####: 1055:    drawCard(currentPlayer, state);
        -: 1056:
        -: 1057:    //+1 Actions
    #####: 1058:    state->numActions++;
        -: 1059:
        -: 1060:    //discard card from hand
    #####: 1061:    discardCard(handPos, currentPlayer, state, 0);
    #####: 1062:    return 0;
        -: 1063:
    #####: 1064:  case minion:
        -: 1065:    //+1 action
    #####: 1066:    state->numActions++;
        -: 1067:
        -: 1068:    //discard card from hand
    #####: 1069:    discardCard(handPos, currentPlayer, state, 0);
        -: 1070:
    #####: 1071:    if (choice1) //+2 coins
        -: 1072:    {
    #####: 1073:      state->coins = state->coins + 2;
        -: 1074:    }
        -: 1075:
    #####: 1076:    else if (choice2) //discard hand, redraw 4, other players with 5+ cards discard hand and draw 4
        -: 1077:    {
        -: 1078:      //discard hand
    #####: 1079:      while (numHandCards(state) > 0)
        -: 1080:      {
    #####: 1081:        discardCard(handPos, currentPlayer, state, 0);
        -: 1082:      }
        -: 1083:
        -: 1084:      //draw 4
    #####: 1085:      for (i = 0; i < 4; i++)
        -: 1086:      {
    #####: 1087:        drawCard(currentPlayer, state);
        -: 1088:      }
        -: 1089:
        -: 1090:      //other players discard hand and redraw if hand size > 4
    #####: 1091:      for (i = 0; i < state->numPlayers; i++)
        -: 1092:      {
    #####: 1093:        if (i != currentPlayer)
        -: 1094:        {
    #####: 1095:          if (state->handCount[i] > 4)
        -: 1096:          {
        -: 1097:            //discard hand
    #####: 1098:            while (state->handCount[i] > 0)
        -: 1099:            {
    #####: 1100:              discardCard(handPos, i, state, 0);
        -: 1101:            }
        -: 1102:
        -: 1103:            //draw 4
    #####: 1104:            for (j = 0; j < 4; j++)
        -: 1105:            {
    #####: 1106:              drawCard(i, state);
        -: 1107:            }
        -: 1108:          }
        -: 1109:        }
        -: 1110:      }
        -: 1111:    }
    #####: 1112:    return 0;
        -: 1113:
    #####: 1114:  case steward:
    #####: 1115:    if (choice1 == 1)
        -: 1116:    {
        -: 1117:      //+2 cards
    #####: 1118:      drawCard(currentPlayer, state);
    #####: 1119:      drawCard(currentPlayer, state);
        -: 1120:    }
    #####: 1121:    else if (choice1 == 2)
        -: 1122:    {
        -: 1123:      //+2 coins
    #####: 1124:      state->coins = state->coins + 2;
        -: 1125:    }
        -: 1126:    else
        -: 1127:    {
        -: 1128:      //trash 2 cards in hand
    #####: 1129:      discardCard(choice2, currentPlayer, state, 1);
    #####: 1130:      discardCard(choice3, currentPlayer, state, 1);
        -: 1131:    }
        -: 1132:
        -: 1133:    //discard card from hand
    #####: 1134:    discardCard(handPos, currentPlayer, state, 0);
    #####: 1135:    return 0;
        -: 1136:
    #####: 1137:  case tribute:
    #####: 1138:    if ((state->discardCount[nextPlayer] + state->deckCount[nextPlayer]) <= 1)
        -: 1139:    {
    #####: 1140:      if (state->deckCount[nextPlayer] > 0)
        -: 1141:      {
    #####: 1142:        tributeRevealedCards[0] = state->deck[nextPlayer][state->deckCount[nextPlayer] - 1];
    #####: 1143:        state->deckCount[nextPlayer]--;
        -: 1144:      }
    #####: 1145:      else if (state->discardCount[nextPlayer] > 0)
        -: 1146:      {
    #####: 1147:        tributeRevealedCards[0] = state->discard[nextPlayer][state->discardCount[nextPlayer] - 1];
    #####: 1148:        state->discardCount[nextPlayer]--;
        -: 1149:      }
        -: 1150:      else
        -: 1151:      {
        -: 1152:        //No Card to Reveal
        -: 1153:        if (DEBUG)
        -: 1154:        {
        -: 1155:          printf("No cards to reveal\n");
        -: 1156:        }
        -: 1157:      }
        -: 1158:    }
        -: 1159:
        -: 1160:    else
        -: 1161:    {
    #####: 1162:      if (state->deckCount[nextPlayer] == 0)
        -: 1163:      {
    #####: 1164:        for (i = 0; i < state->discardCount[nextPlayer]; i++)
        -: 1165:        {
    #####: 1166:          state->deck[nextPlayer][i] = state->discard[nextPlayer][i]; //Move to deck
    #####: 1167:          state->deckCount[nextPlayer]++;
    #####: 1168:          state->discard[nextPlayer][i] = -1;
    #####: 1169:          state->discardCount[nextPlayer]--;
        -: 1170:        }
        -: 1171:
    #####: 1172:        shuffle(nextPlayer, state); //Shuffle the deck
        -: 1173:      }
    #####: 1174:      tributeRevealedCards[0] = state->deck[nextPlayer][state->deckCount[nextPlayer] - 1];
    #####: 1175:      state->deck[nextPlayer][state->deckCount[nextPlayer]--] = -1;
    #####: 1176:      state->deckCount[nextPlayer]--;
    #####: 1177:      tributeRevealedCards[1] = state->deck[nextPlayer][state->deckCount[nextPlayer] - 1];
    #####: 1178:      state->deck[nextPlayer][state->deckCount[nextPlayer]--] = -1;
    #####: 1179:      state->deckCount[nextPlayer]--;
        -: 1180:    }
        -: 1181:
    #####: 1182:    if (tributeRevealedCards[0] == tributeRevealedCards[1])
        -: 1183:    { //If we have a duplicate card, just drop one
    #####: 1184:      state->playedCards[state->playedCardCount] = tributeRevealedCards[1];
    #####: 1185:      state->playedCardCount++;
    #####: 1186:      tributeRevealedCards[1] = -1;
        -: 1187:    }
        -: 1188:
    #####: 1189:    for (i = 0; i <= 2; i++)
        -: 1190:    {
    #####: 1191:      if (tributeRevealedCards[i] == copper || tributeRevealedCards[i] == silver || tributeRevealedCards[i] == gold)
        -: 1192:      { //Treasure cards
    #####: 1193:        state->coins += 2;
        -: 1194:      }
        -: 1195:
    #####: 1196:      else if (tributeRevealedCards[i] == estate || tributeRevealedCards[i] == duchy || tributeRevealedCards[i] == province || tributeRevealedCards[i] == gardens || tributeRevealedCards[i] == great_hall)
        -: 1197:      { //Victory Card Found
    #####: 1198:        drawCard(currentPlayer, state);
    #####: 1199:        drawCard(currentPlayer, state);
        -: 1200:      }
        -: 1201:      else
        -: 1202:      { //Action Card
    #####: 1203:        state->numActions = state->numActions + 2;
        -: 1204:      }
        -: 1205:    }
        -: 1206:
    #####: 1207:    return 0;
        -: 1208:
    #####: 1209:  case ambassador:
    #####: 1210:    j = 0; //used to check if player has enough cards to discard
        -: 1211:
    #####: 1212:    if (choice2 > 2 || choice2 < 0)
        -: 1213:    {
    #####: 1214:      return -1;
        -: 1215:    }
        -: 1216:
    #####: 1217:    if (choice1 == handPos)
        -: 1218:    {
    #####: 1219:      return -1;
        -: 1220:    }
        -: 1221:
    #####: 1222:    for (i = 0; i < state->handCount[currentPlayer]; i++)
        -: 1223:    {
    #####: 1224:      if (i != handPos && i == state->hand[currentPlayer][choice1] && i != choice1)
        -: 1225:      {
    #####: 1226:        j++;
        -: 1227:      }
        -: 1228:    }
    #####: 1229:    if (j < choice2)
        -: 1230:    {
    #####: 1231:      return -1;
        -: 1232:    }
        -: 1233:
        -: 1234:    if (DEBUG)
        -: 1235:      printf("Player %d reveals card number: %d\n", currentPlayer, state->hand[currentPlayer][choice1]);
        -: 1236:
        -: 1237:    //increase supply count for choosen card by amount being discarded
    #####: 1238:    state->supplyCount[state->hand[currentPlayer][choice1]] += choice2;
        -: 1239:
        -: 1240:    //each other player gains a copy of revealed card
    #####: 1241:    for (i = 0; i < state->numPlayers; i++)
        -: 1242:    {
    #####: 1243:      if (i != currentPlayer)
        -: 1244:      {
    #####: 1245:        gainCard(state->hand[currentPlayer][choice1], state, 0, i);
        -: 1246:      }
        -: 1247:    }
        -: 1248:
        -: 1249:    //discard played card from hand
    #####: 1250:    discardCard(handPos, currentPlayer, state, 0);
        -: 1251:
        -: 1252:    //trash copies of cards returned to supply
    #####: 1253:    for (j = 0; j < choice2; j++)
        -: 1254:    {
    #####: 1255:      for (i = 0; i < state->handCount[currentPlayer]; i++)
        -: 1256:      {
    #####: 1257:        if (state->hand[currentPlayer][i] == state->hand[currentPlayer][choice1])
        -: 1258:        {
    #####: 1259:          discardCard(i, currentPlayer, state, 1);
    #####: 1260:          break;
        -: 1261:        }
        -: 1262:      }
        -: 1263:    }
        -: 1264:
    #####: 1265:    return 0;
        -: 1266:
    #####: 1267:  case cutpurse:
        -: 1268:
    #####: 1269:    updateCoins(currentPlayer, state, 2);
    #####: 1270:    for (i = 0; i < state->numPlayers; i++)
        -: 1271:    {
    #####: 1272:      if (i != currentPlayer)
        -: 1273:      {
    #####: 1274:        for (j = 0; j < state->handCount[i]; j++)
        -: 1275:        {
    #####: 1276:          if (state->hand[i][j] == copper)
        -: 1277:          {
    #####: 1278:            discardCard(j, i, state, 0);
    #####: 1279:            break;
        -: 1280:          }
    #####: 1281:          if (j == state->handCount[i])
        -: 1282:          {
    #####: 1283:            for (k = 0; k < state->handCount[i]; k++)
        -: 1284:            {
        -: 1285:              if (DEBUG)
        -: 1286:                printf("Player %d reveals card number %d\n", i, state->hand[i][k]);
        -: 1287:            }
    #####: 1288:            break;
        -: 1289:          }
        -: 1290:        }
        -: 1291:      }
        -: 1292:    }
        -: 1293:
        -: 1294:    //discard played card from hand
    #####: 1295:    discardCard(handPos, currentPlayer, state, 0);
        -: 1296:
    #####: 1297:    return 0;
        -: 1298:
    #####: 1299:  case embargo:
        -: 1300:    //+2 Coins
    #####: 1301:    state->coins = state->coins + 2;
        -: 1302:
        -: 1303:    //see if selected pile is in play
    #####: 1304:    if (state->supplyCount[choice1] == -1)
        -: 1305:    {
    #####: 1306:      return -1;
        -: 1307:    }
        -: 1308:
        -: 1309:    //add embargo token to selected supply pile
    #####: 1310:    state->embargoTokens[choice1]++;
        -: 1311:
        -: 1312:    //trash card
    #####: 1313:    discardCard(handPos, currentPlayer, state, 1);
    #####: 1314:    return 0;
        -: 1315:
    #####: 1316:  case outpost:
        -: 1317:    //set outpost flag
    #####: 1318:    state->outpostPlayed++;
        -: 1319:
        -: 1320:    //discard card
    #####: 1321:    discardCard(handPos, currentPlayer, state, 0);
    #####: 1322:    return 0;
        -: 1323:
    #####: 1324:  case salvager:
        -: 1325:    //+1 buy
    #####: 1326:    state->numBuys++;
        -: 1327:
    #####: 1328:    if (choice1)
        -: 1329:    {
        -: 1330:      //gain coins equal to trashed card
    #####: 1331:      state->coins = state->coins + getCost(handCard(choice1, state));
        -: 1332:      //trash card
    #####: 1333:      discardCard(choice1, currentPlayer, state, 1);
        -: 1334:    }
        -: 1335:
        -: 1336:    //discard card
    #####: 1337:    discardCard(handPos, currentPlayer, state, 0);
    #####: 1338:    return 0;
        -: 1339:
    #####: 1340:  case sea_hag:
    #####: 1341:    for (i = 0; i < state->numPlayers; i++)
        -: 1342:    {
    #####: 1343:      if (i != currentPlayer)
        -: 1344:      {
    #####: 1345:        state->discard[i][state->discardCount[i]] = state->deck[i][state->deckCount[i]--];
    #####: 1346:        state->deckCount[i]--;
    #####: 1347:        state->discardCount[i]++;
    #####: 1348:        state->deck[i][state->deckCount[i]--] = curse; //Top card now a curse
        -: 1349:      }
        -: 1350:    }
    #####: 1351:    return 0;
        -: 1352:
    #####: 1353:  case treasure_map:
        -: 1354:    //search hand for another treasure_map
    #####: 1355:    index = -1;
    #####: 1356:    for (i = 0; i < state->handCount[currentPlayer]; i++)
        -: 1357:    {
    #####: 1358:      if (state->hand[currentPlayer][i] == treasure_map && i != handPos)
        -: 1359:      {
    #####: 1360:        index = i;
    #####: 1361:        break;
        -: 1362:      }
        -: 1363:    }
    #####: 1364:    if (index > -1)
        -: 1365:    {
        -: 1366:      //trash both treasure cards
    #####: 1367:      discardCard(handPos, currentPlayer, state, 1);
    #####: 1368:      discardCard(index, currentPlayer, state, 1);
        -: 1369:
        -: 1370:      //gain 4 Gold cards
    #####: 1371:      for (i = 0; i < 4; i++)
        -: 1372:      {
    #####: 1373:        gainCard(gold, state, 1, currentPlayer);
        -: 1374:      }
        -: 1375:
        -: 1376:      //return success
    #####: 1377:      return 1;
        -: 1378:    }
        -: 1379:
        -: 1380:    //no second treasure_map found in hand
    #####: 1381:    return -1;
        -: 1382:  }
        -: 1383:
    #####: 1384:  return -1;
        -: 1385:}
        -: 1386:
  1000000: 1387:int discardCard(int handPos, int currentPlayer, struct gameState *state, int trashFlag)
        -: 1388:{
        -: 1389:
        -: 1390:  //if card is not trashed, added to Played pile
  1000000: 1391:  if (trashFlag < 1)
        -: 1392:  {
        -: 1393:    //add card to played pile
  1000000: 1394:    state->playedCards[state->playedCardCount] = state->hand[currentPlayer][handPos];
  1000000: 1395:    state->playedCardCount++;
        -: 1396:  }
        -: 1397:
        -: 1398:  //set played card to -1
  1000000: 1399:  state->hand[currentPlayer][handPos] = -1;
        -: 1400:
        -: 1401:  //remove card from player's hand
  1000000: 1402:  if (handPos == (state->handCount[currentPlayer] - 1)) //last card in hand array is played
        -: 1403:  {
        -: 1404:    //reduce number of cards in hand
    #####: 1405:    state->handCount[currentPlayer]--;
        -: 1406:  }
  1000000: 1407:  else if (state->handCount[currentPlayer] == 1) //only one card in hand
        -: 1408:  {
        -: 1409:    //reduce number of cards in hand
    #####: 1410:    state->handCount[currentPlayer]--;
        -: 1411:  }
        -: 1412:  else
        -: 1413:  {
        -: 1414:    //replace discarded card with last card in hand
  1000000: 1415:    state->hand[currentPlayer][handPos] = state->hand[currentPlayer][(state->handCount[currentPlayer] - 1)];
        -: 1416:    //set last card to -1
  1000000: 1417:    state->hand[currentPlayer][state->handCount[currentPlayer] - 1] = -1;
        -: 1418:    //reduce number of cards in hand
  1000000: 1419:    state->handCount[currentPlayer]--;
        -: 1420:  }
        -: 1421:
  1000000: 1422:  return 0;
        -: 1423:}
        -: 1424:
    #####: 1425:int gainCard(int supplyPos, struct gameState *state, int toFlag, int player)
        -: 1426:{
        -: 1427:  //Note: supplyPos is enum of choosen card
        -: 1428:
        -: 1429:  //check if supply pile is empty (0) or card is not used in game (-1)
    #####: 1430:  if (supplyCount(supplyPos, state) < 1)
        -: 1431:  {
    #####: 1432:    return -1;
        -: 1433:  }
        -: 1434:
        -: 1435:  //added card for [whoseTurn] current player:
        -: 1436:  // toFlag = 0 : add to discard
        -: 1437:  // toFlag = 1 : add to deck
        -: 1438:  // toFlag = 2 : add to hand
        -: 1439:
    #####: 1440:  if (toFlag == 1)
        -: 1441:  {
    #####: 1442:    state->deck[player][state->deckCount[player]] = supplyPos;
    #####: 1443:    state->deckCount[player]++;
        -: 1444:  }
    #####: 1445:  else if (toFlag == 2)
        -: 1446:  {
    #####: 1447:    state->hand[player][state->handCount[player]] = supplyPos;
    #####: 1448:    state->handCount[player]++;
        -: 1449:  }
        -: 1450:  else
        -: 1451:  {
    #####: 1452:    state->discard[player][state->discardCount[player]] = supplyPos;
    #####: 1453:    state->discardCount[player]++;
        -: 1454:  }
        -: 1455:
        -: 1456:  //decrease number in supply pile
    #####: 1457:  state->supplyCount[supplyPos]--;
        -: 1458:
    #####: 1459:  return 0;
        -: 1460:}
        -: 1461:
  1000000: 1462:int updateCoins(int player, struct gameState *state, int bonus)
        -: 1463:{
        -: 1464:  int i;
        -: 1465:
        -: 1466:  //reset coin count
  1000000: 1467:  state->coins = 0;
        -: 1468:
        -: 1469:  //add coins for each Treasure card in player's hand
  6000000: 1470:  for (i = 0; i < state->handCount[player]; i++)
        -: 1471:  {
  5000000: 1472:    if (state->hand[player][i] == copper)
        -: 1473:    {
  3498471: 1474:      state->coins += 1;
        -: 1475:    }
  1501529: 1476:    else if (state->hand[player][i] == silver)
        -: 1477:    {
    #####: 1478:      state->coins += 2;
        -: 1479:    }
  1501529: 1480:    else if (state->hand[player][i] == gold)
        -: 1481:    {
    #####: 1482:      state->coins += 3;
        -: 1483:    }
        -: 1484:  }
        -: 1485:
        -: 1486:  //add bonus
  1000000: 1487:  state->coins += bonus;
        -: 1488:
  1000000: 1489:  return 0;
        -: 1490:}
        -: 1491:
        -: 1492://end of dominion.c
